<?xml version="1.0" encoding="UTF-8"?>
<!-- Generated by org.testng.reporters.JUnitXMLReporter -->
<testsuite hostname="Arsath" ignored="2" name="Test" tests="12" failures="0" timestamp="02 Apr 2022 02:44:25 GMT" time="0.049" errors="0">
  <testcase name="Tc21" time="0.008" classname="org.frame.Employee"/>
  <testcase name="Tc22" time="0.0" classname="org.frame.Employee"/>
  <testcase name="Tc22" time="0.001" classname="org.frame.Employee"/>
  <testcase name="Tc22" time="0.0" classname="org.frame.Employee"/>
  <testcase name="Tc22" time="0.0" classname="org.frame.Employee"/>
  <testcase name="Tc22" time="0.001" classname="org.frame.Employee"/>
  <testcase name="Tc25" time="0.001" classname="org.frame.Employee"/>
  <testcase name="Tc1" time="0.001" classname="org.frame.FrameWorkClass1"/>
  <testcase name="Tc5" time="0.001" classname="org.frame.FrameWorkClass1"/>
  <testcase name="Tc23" time="0.001" classname="org.frame.Employee"/>
  <testcase name="Tc2" time="0.0" classname="org.frame.FrameWorkClass1"/>
  <testcase name="Tc3" time="0.0" classname="org.frame.FrameWorkClass1"/>
  <testcase name="Tc24" time="0.0" classname="org.frame.Employee">
    <ignored/>
  </testcase> <!-- Tc24 -->
  <testcase name="Tc4" time="0.0" classname="org.frame.FrameWorkClass1">
    <ignored/>
  </testcase> <!-- Tc4 -->
</testsuite> <!-- Test -->
